<?xml version="1.0" encoding="UTF-8"?>
<!-- Generated by org.testng.reporters.JUnitXMLReporter -->
<testsuite ignored="1" hostname="DESKTOP-H5MG9OP" failures="2" tests="2" name="TestNG_Concepts" time="0.058" errors="0" timestamp="2022-03-20T13:46:01 IST">
  <testcase classname="testNGConcepts.BasicTest" name="googleLogo" time="0.01">
    <failure type="java.lang.NullPointerException">
      <![CDATA[java.lang.NullPointerException
at testNGConcepts.BasicTest.googleLogo(BasicTest.java:46)
at java.base/java.util.ArrayList.forEach(ArrayList.java:1541)
... Removed 27 stack frames]]>
    </failure>
  </testcase> <!-- googleLogo -->
  <testcase classname="testNGConcepts.BasicTest" name="googleLinkText" time="0.001">
    <failure type="java.lang.NullPointerException">
      <![CDATA[java.lang.NullPointerException
at testNGConcepts.BasicTest.googleLinkText(BasicTest.java:59)
at java.base/java.util.ArrayList.forEach(ArrayList.java:1541)
... Removed 27 stack frames]]>
    </failure>
  </testcase> <!-- googleLinkText -->
  <testcase classname="testNGConcepts.BasicTest" name="googleTitleTest" time="0.0">
    <ignored/>
  </testcase> <!-- googleTitleTest -->
</testsuite> <!-- TestNG_Concepts -->
