<?xml version="1.0" encoding="UTF-8"?>
<testng-results ignored="0" total="3" passed="3" failed="0" skipped="0">
  <reporter-output>
  </reporter-output>
  <suite started-at="2022-02-06T16:42:22 IST" name="Suite" finished-at="2022-02-06T16:43:26 IST" duration-ms="64571">
    <groups>
    </groups>
    <test started-at="2022-02-06T16:42:22 IST" name="Test_Chrome" finished-at="2022-02-06T16:42:31 IST" duration-ms="9711">
      <class name="testNGTests.CrossBrowser">
        <test-method is-config="true" signature="launchBrowser(java.lang.String)[pri:0, instance:testNGTests.CrossBrowser@6e0f5f7f]" started-at="2022-02-06T16:42:22 IST" name="launchBrowser" finished-at="2022-02-06T16:42:24 IST" duration-ms="2228" status="PASS">
          <params>
            <param index="0">
              <value>
                <![CDATA[chrome]]>
              </value>
            </param>
          </params>
          <reporter-output>
          </reporter-output>
        </test-method> <!-- launchBrowser -->
        <test-method signature="crossBrowser()[pri:0, instance:testNGTests.CrossBrowser@6e0f5f7f]" started-at="2022-02-06T16:42:24 IST" name="crossBrowser" finished-at="2022-02-06T16:42:31 IST" duration-ms="7452" status="PASS">
          <reporter-output>
          </reporter-output>
        </test-method> <!-- crossBrowser -->
      </class> <!-- testNGTests.CrossBrowser -->
    </test> <!-- Test_Chrome -->
    <test started-at="2022-02-06T16:42:31 IST" name="Test_FF" finished-at="2022-02-06T16:43:14 IST" duration-ms="42385">
      <class name="testNGTests.CrossBrowser">
        <test-method is-config="true" signature="launchBrowser(java.lang.String)[pri:0, instance:testNGTests.CrossBrowser@771a660]" started-at="2022-02-06T16:42:31 IST" name="launchBrowser" finished-at="2022-02-06T16:42:59 IST" duration-ms="27930" status="PASS">
          <params>
            <param index="0">
              <value>
                <![CDATA[firefox]]>
              </value>
            </param>
          </params>
          <reporter-output>
          </reporter-output>
        </test-method> <!-- launchBrowser -->
        <test-method signature="crossBrowser()[pri:0, instance:testNGTests.CrossBrowser@771a660]" started-at="2022-02-06T16:42:59 IST" name="crossBrowser" finished-at="2022-02-06T16:43:14 IST" duration-ms="14455" status="PASS">
          <reporter-output>
          </reporter-output>
        </test-method> <!-- crossBrowser -->
      </class> <!-- testNGTests.CrossBrowser -->
    </test> <!-- Test_FF -->
    <test started-at="2022-02-06T16:43:14 IST" name="Test_Default" finished-at="2022-02-06T16:43:26 IST" duration-ms="12444">
      <class name="testNGTests.CrossBrowser">
        <test-method is-config="true" signature="launchBrowser(java.lang.String)[pri:0, instance:testNGTests.CrossBrowser@942a29c]" started-at="2022-02-06T16:43:14 IST" name="launchBrowser" finished-at="2022-02-06T16:43:16 IST" duration-ms="2389" status="PASS">
          <params>
            <param index="0">
              <value>
                <![CDATA[XXX]]>
              </value>
            </param>
          </params>
          <reporter-output>
          </reporter-output>
        </test-method> <!-- launchBrowser -->
        <test-method signature="crossBrowser()[pri:0, instance:testNGTests.CrossBrowser@942a29c]" started-at="2022-02-06T16:43:16 IST" name="crossBrowser" finished-at="2022-02-06T16:43:26 IST" duration-ms="10039" status="PASS">
          <reporter-output>
          </reporter-output>
        </test-method> <!-- crossBrowser -->
      </class> <!-- testNGTests.CrossBrowser -->
    </test> <!-- Test_Default -->
  </suite> <!-- Suite -->
</testng-results>
