<?xml version="1.0" encoding="UTF-8"?>
<testng-results ignored="0" total="2" passed="2" failed="0" skipped="0">
  <reporter-output>
  </reporter-output>
  <suite started-at="2022-03-20T19:35:55 IST" name="Parallel test suite" finished-at="2022-03-20T19:36:23 IST" duration-ms="27713">
    <groups>
    </groups>
    <test started-at="2022-03-20T19:35:55 IST" name="Parallel Test 1" finished-at="2022-03-20T19:36:23 IST" duration-ms="27713">
      <class name="testNGConcepts.ParallelTest1">
        <test-method signature="loginTest()[pri:0, instance:testNGConcepts.ParallelTest1@6cd28fa7]" started-at="2022-03-20T19:35:55 IST" name="loginTest" finished-at="2022-03-20T19:36:23 IST" duration-ms="27679" status="PASS">
          <reporter-output>
          </reporter-output>
        </test-method> <!-- loginTest -->
        <test-method signature="titleTest()[pri:0, instance:testNGConcepts.ParallelTest1@6cd28fa7]" started-at="2022-03-20T19:35:55 IST" name="titleTest" finished-at="2022-03-20T19:36:17 IST" duration-ms="22282" status="PASS">
          <reporter-output>
          </reporter-output>
        </test-method> <!-- titleTest -->
      </class> <!-- testNGConcepts.ParallelTest1 -->
    </test> <!-- Parallel Test 1 -->
  </suite> <!-- Parallel test suite -->
</testng-results>
