<?xml version="1.0" encoding="UTF-8"?>
<!-- Generated by org.testng.reporters.JUnitXMLReporter -->
<testsuite ignored="1" hostname="DESKTOP-H5MG9OP" failures="0" tests="2" name="TestNG_Groups" time="14.88" errors="0" timestamp="2022-03-20T18:32:42 IST">
  <testcase classname="testNGConcepts.BasicTest" name="googleLogo" time="0.042"/>
  <testcase classname="testNGConcepts.BasicTest" name="googleLinkText" time="0.017"/>
  <testcase classname="testNGConcepts.BasicTest" name="googleTitleTest" time="0.0">
    <ignored/>
  </testcase> <!-- googleTitleTest -->
</testsuite> <!-- TestNG_Groups -->
